wif: cTzvLduZrQCTF4PFj8pu5NFm8oRYDdeeqBfZ2GRhmKw9oUZ6C5rW
address: mxxh7vrLvA4YaXzH7AJs9fdUvoAyDjNudX
-------------2021-11-30 0215------------
wif: L2jeriukXmmyXusR2iqLiBRb7Ad6KpsUeQua3MTKEzxL9R7DVCjQ
address: 17fdDZ1CFd36aM28WKT51QRfMg4pe63aJ9
-------------2021-11-30 0314------------
wif: cSEvvwbAbURyE9dhwr8uLzaghrxi7d2B8T4SUerqS61PYH1LtniV
address: mmHZz2kxyPpSu9HHMB3vazP6SoPhVESN8b
-------------2021-11-30 0311------------
wif: cRKADEAGKpFx1JiEyK8Efw7p1JP2kpXBD3u5CW6RcXB9xYsKTfbL
address: mkLYwN7WG2nPHcFiB8J5dnbSaPWLKdZGGa
-------------2021-11-30 0348------------
wif: cPn73wQWTxRGvAmECkNSSCNMhNwrSVpmexYkjAQRHURDT6K7dDaF
address: n2hvef1Jja5WKbuMrezsRdW7qfCTZGtXfo
-------------2021-11-30 0449------------
wif: cW9yzoYt9DHyUXhPNPAjVbJZMuvhJL9jpCXJ7kjkpEoaBFMBjuFV
address: mxZubc8QMx4VuX8VnLc1oxQURthfuSsNqx
-------------2021-11-30 0421------------
wif: cN9G7zuwsZqpSoqHTS55qiSLrTiQhqTtWVwM3hnHSJ1FBw6psfGK
address: mpQ4jpbDTGQRHtx3u9MD31rb8NEa7VU89S
-------------2021-12-01 0527------------
wif: L5SVaJdCpd9iff6z5mZhgmw49bKf31DeiCZ2NLaeBGvUHXp5YZS7
address: 18fWsybXrdNSxjz8jCDCBerkLRBcWsh1y7
-------------2021-12-02 0421------------
wif: L2ZrPvjMjNDwiEhVrxkmBPqcarDHmbgWUzydY3dCzvJrnvdtV8ZT
address: 1JksSUNGeu865Hn9TotnLorfeYEsC3X2JQ
-------------2021-12-02 0430------------
wif: cSjy2SJGwuTm655ZRQzHqtrEYupjhaC8cShb2DoyyLNL8tVsE5Vc
address: mi714cr4jPThXa9xyCY1Aza2AxuFuPr22g
-------------2021-12-02 0931------------
